[03Jul2025 14:55:21.225] [main/INFO] [cpw.mods.modlauncher.Launcher/MODLAUNCHER]: ModLauncher running: args [--launchTarget, forgeserver, --fml.neoForgeVersion, 21.1.186, --fml.fmlVersion, 4.0.41, --fml.mcVersion, 1.21.1, --fml.neoFormVersion, 20240808.144430]
[03Jul2025 14:55:21.227] [main/INFO] [cpw.mods.modlauncher.Launcher/MODLAUNCHER]: JVM identified as Microsoft OpenJDK 64-Bit Server VM 21.0.7+6-LTS
[03Jul2025 14:55:21.229] [main/INFO] [cpw.mods.modlauncher.Launcher/MODLAUNCHER]: ModLauncher 11.0.5+main.901c6ea8 starting: java version 21.0.7 by Microsoft; OS Linux arch amd64 version 6.8.0-1027-azure
[03Jul2025 14:55:21.449] [main/INFO] [net.neoforged.fml.loading.ImmediateWindowHandler/]: ImmediateWindowProvider not loading because launch target is forgeserver
[03Jul2025 14:55:21.531] [main/INFO] [mixin/]: SpongePowered MIXIN Subsystem Version=0.8.7 Source=union:/workspaces/test/libraries/net/fabricmc/sponge-mixin/0.15.2+mixin.0.8.7/sponge-mixin-0.15.2+mixin.0.8.7.jar%2373!/ Service=ModLauncher Env=SERVER
[03Jul2025 14:55:22.102] [main/INFO] [net.neoforged.fml.loading.moddiscovery.ModDiscoverer/SCAN]: Found mod file "server-1.21.1-20240808.144430-srg.jar" [locator: production server provider +net.neoforged:neoforge:21.1.186:server]
[03Jul2025 14:55:22.159] [main/INFO] [net.neoforged.fml.loading.moddiscovery.ModDiscoverer/SCAN]: Found mod file "neoforge-21.1.186-universal.jar" [locator: PathBasedLocator[name=neoforge, paths=[libraries/net/neoforged/neoforge/21.1.186/neoforge-21.1.186-universal.jar]], reader: mod manifest]
[03Jul2025 14:55:22.250] [main/INFO] [net.neoforged.fml.loading.moddiscovery.ModDiscoverer/SCAN]: Found mod file "[Advent of Ascension (Nevermine)] AoA3-1.21.1-3.7.15.jar" [locator: {mods folder locator at /workspaces/test/mods}, reader: mod manifest]
[03Jul2025 14:55:22.267] [main/INFO] [net.neoforged.fml.loading.moddiscovery.ModDiscoverer/SCAN]: Found mod file "[Apotheosis] Apotheosis-1.21.1-8.3.6.jar" [locator: {mods folder locator at /workspaces/test/mods}, reader: mod manifest]
[03Jul2025 14:55:22.279] [main/INFO] [net.neoforged.fml.loading.moddiscovery.ModDiscoverer/SCAN]: Found mod file "[Apothic Attributes] ApothicAttributes-1.21.1-2.8.1.jar" [locator: {mods folder locator at /workspaces/test/mods}, reader: mod manifest]
[03Jul2025 14:55:22.297] [main/INFO] [net.neoforged.fml.loading.moddiscovery.ModDiscoverer/SCAN]: Found mod file "[Apothic Enchanting] ApothicEnchanting-1.21.1-1.4.3.jar" [locator: {mods folder locator at /workspaces/test/mods}, reader: mod manifest]
[03Jul2025 14:55:22.306] [main/INFO] [net.neoforged.fml.loading.moddiscovery.ModDiscoverer/SCAN]: Found mod file "[Apothic Spawners] ApothicSpawners-1.21.1-1.3.1.jar" [locator: {mods folder locator at /workspaces/test/mods}, reader: mod manifest]
[03Jul2025 14:55:22.317] [main/INFO] [net.neoforged.fml.loading.moddiscovery.ModDiscoverer/SCAN]: Found mod file "[Architectury API] architectury-13.0.8-neoforge.jar" [locator: {mods folder locator at /workspaces/test/mods}, reader: mod manifest]
[03Jul2025 14:55:22.324] [main/INFO] [net.neoforged.fml.loading.moddiscovery.ModDiscoverer/SCAN]: Found mod file "[Artifacts] artifacts-neoforge-13.0.6.jar" [locator: {mods folder locator at /workspaces/test/mods}, reader: mod manifest]
[03Jul2025 14:55:22.331] [main/INFO] [net.neoforged.fml.loading.moddiscovery.ModDiscoverer/SCAN]: Found mod file "[Cristel Lib] cristellib-neoforge-1.2.8.jar" [locator: {mods folder locator at /workspaces/test/mods}, reader: mod manifest]
[03Jul2025 14:55:22.337] [main/INFO] [net.neoforged.fml.loading.moddiscovery.ModDiscoverer/SCAN]: Found mod file "[Curios API (Forge-NeoForge)] curios-neoforge-9.5.1+1.21.1.jar" [locator: {mods folder locator at /workspaces/test/mods}, reader: mod manifest]
[03Jul2025 14:55:22.342] [main/INFO] [net.neoforged.fml.loading.moddiscovery.ModDiscoverer/SCAN]: Found mod file "[Explorer's Compass] ExplorersCompass-1.21.1-3.0.3-neoforge.jar" [locator: {mods folder locator at /workspaces/test/mods}, reader: mod manifest]
[03Jul2025 14:55:22.350] [main/INFO] [net.neoforged.fml.loading.moddiscovery.ModDiscoverer/SCAN]: Found mod file "[FTB Library (Forge)] ftb-library-neoforge-2101.1.14.jar" [locator: {mods folder locator at /workspaces/test/mods}, reader: mod manifest]
[03Jul2025 14:55:22.355] [main/INFO] [net.neoforged.fml.loading.moddiscovery.ModDiscoverer/SCAN]: Found mod file "[FTB Ultimine (Forge)] ftb-ultimine-neoforge-2101.1.3.jar" [locator: {mods folder locator at /workspaces/test/mods}, reader: mod manifest]
[03Jul2025 14:55:22.362] [main/INFO] [net.neoforged.fml.loading.moddiscovery.ModDiscoverer/SCAN]: Found mod file "[Just Enough Items (JEI)] jei-1.21.1-neoforge-19.21.2.313.jar" [locator: {mods folder locator at /workspaces/test/mods}, reader: mod manifest]
[03Jul2025 14:55:22.367] [main/INFO] [net.neoforged.fml.loading.moddiscovery.ModDiscoverer/SCAN]: Found mod file "[Mouse Tweaks] MouseTweaks-neoforge-mc1.21-2.26.1.jar" [locator: {mods folder locator at /workspaces/test/mods}, reader: mod manifest]
[03Jul2025 14:55:22.371] [main/INFO] [net.neoforged.fml.loading.moddiscovery.ModDiscoverer/SCAN]: Found mod file "[Nature's Compass] NaturesCompass-1.21.1-3.0.3-neoforge.jar" [locator: {mods folder locator at /workspaces/test/mods}, reader: mod manifest]
[03Jul2025 14:55:22.377] [main/INFO] [net.neoforged.fml.loading.moddiscovery.ModDiscoverer/SCAN]: Found mod file "[OctoLib] OctoLib-NEOFORGE-0.5.0.1.jar" [locator: {mods folder locator at /workspaces/test/mods}, reader: mod manifest]
[03Jul2025 14:55:22.393] [main/INFO] [net.neoforged.fml.loading.moddiscovery.ModDiscoverer/SCAN]: Found mod file "[Patchouli] Patchouli-1.21-88-NEOFORGE.jar" [locator: {mods folder locator at /workspaces/test/mods}, reader: mod manifest]
[03Jul2025 14:55:22.396] [main/INFO] [net.neoforged.fml.loading.moddiscovery.ModDiscoverer/SCAN]: Found mod file "[Placebo] Placebo-1.21.1-9.8.1.jar" [locator: {mods folder locator at /workspaces/test/mods}, reader: mod manifest]
[03Jul2025 14:55:22.400] [main/INFO] [net.neoforged.fml.loading.moddiscovery.ModDiscoverer/SCAN]: Found mod file "[ProjectE] ProjectE-1.21.1-PE1.1.0.jar" [locator: {mods folder locator at /workspaces/test/mods}, reader: mod manifest]
[03Jul2025 14:55:22.405] [main/INFO] [net.neoforged.fml.loading.moddiscovery.ModDiscoverer/SCAN]: Found mod file "[Relics] relics-1.21.1-0.10.7.5.jar" [locator: {mods folder locator at /workspaces/test/mods}, reader: mod manifest]
[03Jul2025 14:55:22.411] [main/INFO] [net.neoforged.fml.loading.moddiscovery.ModDiscoverer/SCAN]: Found mod file "[Sophisticated Backpacks] sophisticatedbackpacks-1.21.1-3.24.15.1264.jar" [locator: {mods folder locator at /workspaces/test/mods}, reader: mod manifest]
[03Jul2025 14:55:22.414] [main/INFO] [net.neoforged.fml.loading.moddiscovery.ModDiscoverer/SCAN]: Found mod file "[Sophisticated Core] sophisticatedcore-1.21.1-1.3.52.1020.jar" [locator: {mods folder locator at /workspaces/test/mods}, reader: mod manifest]
[03Jul2025 14:55:22.417] [main/INFO] [net.neoforged.fml.loading.moddiscovery.ModDiscoverer/SCAN]: Found mod file "[Towns and Towers] t_and_t-neoforge-fabric-1.13.2.jar" [locator: {mods folder locator at /workspaces/test/mods}, reader: mod manifest]
[03Jul2025 14:55:22.422] [main/INFO] [net.neoforged.fml.loading.moddiscovery.ModDiscoverer/SCAN]: Found mod file "[When Dungeons Arise - Forge!] DungeonsArise-1.21.x-2.1.64-release.jar" [locator: {mods folder locator at /workspaces/test/mods}, reader: mod manifest]
[03Jul2025 14:55:22.428] [main/INFO] [net.neoforged.fml.loading.moddiscovery.ModDiscoverer/SCAN]: Found mod file "[YUNG's API (NeoForge)] YungsApi-1.21.1-NeoForge-5.1.5.jar" [locator: {mods folder locator at /workspaces/test/mods}, reader: mod manifest]
[03Jul2025 14:55:22.432] [main/INFO] [net.neoforged.fml.loading.moddiscovery.ModDiscoverer/SCAN]: Found mod file "[YUNG's Better Dungeons (NeoForge)] YungsBetterDungeons-1.21.1-NeoForge-5.1.4.jar" [locator: {mods folder locator at /workspaces/test/mods}, reader: mod manifest]
[03Jul2025 14:55:22.440] [main/INFO] [net.neoforged.fml.loading.moddiscovery.ModDiscoverer/SCAN]: Found mod file "Apotheosis-1.21.1-8.3.6.jar" [locator: {mods folder locator at /workspaces/test/mods}, reader: mod manifest]
[03Jul2025 14:55:22.444] [main/INFO] [net.neoforged.fml.loading.moddiscovery.ModDiscoverer/SCAN]: Found mod file "ApothicAttributes-1.21.1-2.8.1.jar" [locator: {mods folder locator at /workspaces/test/mods}, reader: mod manifest]
[03Jul2025 14:55:22.450] [main/INFO] [net.neoforged.fml.loading.moddiscovery.ModDiscoverer/SCAN]: Found mod file "ApothicEnchanting-1.21.1-1.4.3.jar" [locator: {mods folder locator at /workspaces/test/mods}, reader: mod manifest]
[03Jul2025 14:55:22.454] [main/INFO] [net.neoforged.fml.loading.moddiscovery.ModDiscoverer/SCAN]: Found mod file "ApothicSpawners-1.21.1-1.3.1.jar" [locator: {mods folder locator at /workspaces/test/mods}, reader: mod manifest]
[03Jul2025 14:55:22.459] [main/INFO] [net.neoforged.fml.loading.moddiscovery.ModDiscoverer/SCAN]: Found mod file "curios-neoforge-9.5.1+1.21.1.jar" [locator: {mods folder locator at /workspaces/test/mods}, reader: mod manifest]
[03Jul2025 14:55:22.462] [main/INFO] [net.neoforged.fml.loading.moddiscovery.ModDiscoverer/SCAN]: Found mod file "jei-1.21.1-neoforge-19.21.2.313.jar" [locator: {mods folder locator at /workspaces/test/mods}, reader: mod manifest]
[03Jul2025 14:55:22.464] [main/INFO] [net.neoforged.fml.loading.moddiscovery.ModDiscoverer/SCAN]: Found mod file "OctoLib-NEOFORGE-0.5.0.1.jar" [locator: {mods folder locator at /workspaces/test/mods}, reader: mod manifest]
[03Jul2025 14:55:22.466] [main/INFO] [net.neoforged.fml.loading.moddiscovery.ModDiscoverer/SCAN]: Found mod file "Patchouli-1.21-88-NEOFORGE.jar" [locator: {mods folder locator at /workspaces/test/mods}, reader: mod manifest]
[03Jul2025 14:55:22.471] [main/INFO] [net.neoforged.fml.loading.moddiscovery.ModDiscoverer/SCAN]: Found mod file "Placebo-1.21.1-9.8.1.jar" [locator: {mods folder locator at /workspaces/test/mods}, reader: mod manifest]
[03Jul2025 14:55:22.474] [main/INFO] [net.neoforged.fml.loading.moddiscovery.ModDiscoverer/SCAN]: Found mod file "relics-1.21.1-0.10.7.5.jar" [locator: {mods folder locator at /workspaces/test/mods}, reader: mod manifest]
[03Jul2025 14:55:22.480] [main/INFO] [net.neoforged.fml.loading.moddiscovery.ModDiscoverer/SCAN]: Found mod file "sodium-neoforge-0.6.13+mc1.21.1.jar" [locator: {mods folder locator at /workspaces/test/mods}, reader: mod manifest]
[03Jul2025 14:55:22.791] [main/INFO] [net.neoforged.fml.loading.moddiscovery.locators.JarInJarDependencyLocator/]: Found 14 dependencies adding them to mods collection
[03Jul2025 14:55:22.792] [main/INFO] [net.neoforged.fml.loading.moddiscovery.ModDiscoverer/SCAN]: Found gamelibrary file "mixinextras-neoforge-0.4.1.jar" [parent: neoforge-21.1.186-universal.jar, locator: jarinjar, reader: mod manifest]
[03Jul2025 14:55:22.792] [main/INFO] [net.neoforged.fml.loading.moddiscovery.ModDiscoverer/SCAN]: Found mod file "SmartBrainLib-neoforge-1.21.1-1.16.1.jar" [parent: [Advent of Ascension (Nevermine)] AoA3-1.21.1-3.7.15.jar, locator: jarinjar, reader: mod manifest]
[03Jul2025 14:55:22.793] [main/INFO] [net.neoforged.fml.loading.moddiscovery.ModDiscoverer/SCAN]: Found mod file "fabric-renderer-api-v1-3.4.0+9c40919e19.jar" [parent: sodium-neoforge-0.6.13+mc1.21.1.jar, locator: jarinjar, reader: mod manifest]
[03Jul2025 14:55:22.793] [main/INFO] [net.neoforged.fml.loading.moddiscovery.ModDiscoverer/SCAN]: Found mod file "fabric-api-base-0.4.42+d1308ded19.jar" [parent: sodium-neoforge-0.6.13+mc1.21.1.jar, locator: jarinjar, reader: mod manifest]
[03Jul2025 14:55:22.794] [main/INFO] [net.neoforged.fml.loading.moddiscovery.ModDiscoverer/SCAN]: Found library file "net.caffeinemc.sodium-neoforge-0.6.13+mc1.21.1-service.jar" [parent: sodium-neoforge-0.6.13+mc1.21.1.jar, locator: jarinjar, reader: mod manifest]
[03Jul2025 14:55:22.795] [main/INFO] [net.neoforged.fml.loading.moddiscovery.ModDiscoverer/SCAN]: Found mod file "geckolib-neoforge-1.21.1-4.7.jar" [parent: [Advent of Ascension (Nevermine)] AoA3-1.21.1-3.7.15.jar, locator: jarinjar, reader: mod manifest]
[03Jul2025 14:55:22.795] [main/INFO] [net.neoforged.fml.loading.moddiscovery.ModDiscoverer/SCAN]: Found library file "net.neoforged.neoforge-coremods-21.1.186.jar" [parent: neoforge-21.1.186-universal.jar, locator: jarinjar, reader: mod manifest]
[03Jul2025 14:55:22.796] [main/INFO] [net.neoforged.fml.loading.moddiscovery.ModDiscoverer/SCAN]: Found mod file "fabric-rendering-data-attachment-v1-0.3.48+73761d2e19.jar" [parent: sodium-neoforge-0.6.13+mc1.21.1.jar, locator: jarinjar, reader: mod manifest]
[03Jul2025 14:55:22.796] [main/INFO] [net.neoforged.fml.loading.moddiscovery.ModDiscoverer/SCAN]: Found library file "hsqldb-2.7.3.jar" [parent: [Advent of Ascension (Nevermine)] AoA3-1.21.1-3.7.15.jar, locator: jarinjar]
[03Jul2025 14:55:22.797] [main/INFO] [net.neoforged.fml.loading.moddiscovery.ModDiscoverer/SCAN]: Found mod file "expandability-neoforge-12.0.0.jar" [parent: [Artifacts] artifacts-neoforge-13.0.6.jar, locator: jarinjar, reader: mod manifest]
[03Jul2025 14:55:22.797] [main/INFO] [net.neoforged.fml.loading.moddiscovery.ModDiscoverer/SCAN]: Found mod file "TslatEffectsLib-neoforge-1.21-1.9.2.jar" [parent: [Advent of Ascension (Nevermine)] AoA3-1.21.1-3.7.15.jar, locator: jarinjar, reader: mod manifest]
[03Jul2025 14:55:22.797] [main/INFO] [net.neoforged.fml.loading.moddiscovery.ModDiscoverer/SCAN]: Found library file "snakeyaml-2.2.jar" [parent: [OctoLib] OctoLib-NEOFORGE-0.5.0.1.jar, locator: jarinjar]
[03Jul2025 14:55:22.798] [main/INFO] [net.neoforged.fml.loading.moddiscovery.ModDiscoverer/SCAN]: Found library file "jankson-1.2.3.jar" [parent: [Cristel Lib] cristellib-neoforge-1.2.8.jar, locator: jarinjar]
[03Jul2025 14:55:22.799] [main/INFO] [net.neoforged.fml.loading.moddiscovery.ModDiscoverer/SCAN]: Found mod file "fabric-block-view-api-v2-1.0.10+9afaaf8c19.jar" [parent: sodium-neoforge-0.6.13+mc1.21.1.jar, locator: jarinjar, reader: mod manifest]
[03Jul2025 14:55:22.803] [main/INFO] [net.neoforged.fml.loading.moddiscovery.ModDiscoverer/]: 
     Mod List:
		Name Version (Mod Id)

		Advent Of Ascension 3.7.15 (aoa3)
		Apotheosis 8.3.6 (apotheosis)
		Apothic Attributes 2.8.1 (apothic_attributes)
		Apothic Enchanting 1.4.3 (apothic_enchanting)
		Apothic Spawners 1.3.1 (apothic_spawners)
		Architectury 13.0.8 (architectury)
		Artifacts 13.0.6 (artifacts)
		Cristel Lib 1.2.8 (cristellib)
		Curios API 9.5.1+1.21.1 (curios)
		ExpandAbility 12.0.0 (expandability)
		Explorer's Compass 1.21.1-3.0.3-neoforge (explorerscompass)
		Forgified Fabric API Base 0.4.42+d1308ded19 (fabric_api_base)
		Forgified Fabric BlockView API (v2) 1.0.10+9afaaf8c19 (fabric_block_view_api_v2)
		Forgified Fabric Renderer API (v1) 3.4.0+9c40919e19 (fabric_renderer_api_v1)
		Forgified Fabric Rendering Data Attachment (v1) 0.3.48+73761d2e19 (fabric_rendering_data_attachment_v1)
		FTB Library 2101.1.14 (ftblibrary)
		FTB Ultimine 2101.1.3 (ftbultimine)
		GeckoLib 4 4.7 (geckolib)
		Just Enough Items 19.21.2.313 (jei)
		Minecraft 1.21.1 (minecraft)
		Mouse Tweaks 2.26.1 (mousetweaks)
		Nature's Compass 1.21.1-3.0.2-neoforge (naturescompass)
		NeoForge 21.1.186 (neoforge)
		OctoLib 0.5.0.1 (octolib)
		Patchouli 1.21-88-NEOFORGE (patchouli)
		Placebo 9.8.1 (placebo)
		ProjectE 1.1.0 (projecte)
		Relics 0.10.7.5 (relics)
		SmartBrainLib 1.16.1 (smartbrainlib)
		Sodium 0.6.13+mc1.21.1 (sodium)
		Sophisticated Backpacks 3.24.15 (sophisticatedbackpacks)
		Sophisticated Core 1.3.52 (sophisticatedcore)
		Towns and Towers 1.13.2 (t_and_t)
		Tslat Effects Lib (TEL) 1.9.2 (tslateffectslib)
		When Dungeons Arise 2.1.64 (dungeons_arise)
		YUNG's API 1.21.1-NeoForge-5.1.5 (yungsapi)
		YUNG's Better Dungeons 1.21.1-NeoForge-5.1.4 (betterdungeons)
[03Jul2025 14:55:23.411] [main/INFO] [net.neoforged.fml.loading.FMLServiceProvider/CORE]: Loading coremod script-engine for [apothic_enchanting]
[03Jul2025 14:55:24.908] [main/INFO] [mixin/]: Compatibility level set to JAVA_17
[03Jul2025 14:55:24.921] [main/INFO] [mixin/]: Compatibility level set to JAVA_21
[03Jul2025 14:55:25.126] [main/INFO] [cpw.mods.modlauncher.LaunchServiceHandler/MODLAUNCHER]: Launching target 'forgeserver' with arguments []
[03Jul2025 14:55:25.156] [main/WARN] [mixin/]: Reference map 'betterdungeons.refmap.json' for betterdungeons.mixins.json could not be read. If this is a development environment you can ignore this message
[03Jul2025 14:55:25.157] [main/WARN] [mixin/]: Reference map 'apothic_spawners.refmap.json' for apothic_spawners.mixins.json could not be read. If this is a development environment you can ignore this message
[03Jul2025 14:55:25.160] [main/WARN] [mixin/]: Reference map 'geckolib.refmap.json' for geckolib.mixins.json could not be read. If this is a development environment you can ignore this message
[03Jul2025 14:55:25.160] [main/WARN] [mixin/]: Reference map 'curios.refmap.json' for curios.neoforge.mixins.json could not be read. If this is a development environment you can ignore this message
[03Jul2025 14:55:25.162] [main/WARN] [mixin/]: Reference map 'curios.refmap.json' for curios.mixins.json could not be read. If this is a development environment you can ignore this message
[03Jul2025 14:55:25.163] [main/WARN] [mixin/]: Reference map 'patchouli.refmap.json' for patchouli_xplat.mixins.json could not be read. If this is a development environment you can ignore this message
[03Jul2025 14:55:25.165] [main/WARN] [mixin/]: Reference map 'tslateffectslib.refmap.json' for tslateffectslib.mixins.json could not be read. If this is a development environment you can ignore this message
[03Jul2025 14:55:25.167] [main/WARN] [mixin/]: Reference map 'placebo.refmap.json' for placebo.mixins.json could not be read. If this is a development environment you can ignore this message
[03Jul2025 14:55:25.168] [main/WARN] [mixin/]: Reference map 'apothic_attributes.refmap.json' for apothic_attributes.mixins.json could not be read. If this is a development environment you can ignore this message
[03Jul2025 14:55:25.176] [main/WARN] [mixin/]: Reference map 'yungsapi.refmap.json' for yungsapi.mixins.json could not be read. If this is a development environment you can ignore this message
[03Jul2025 14:55:25.178] [main/WARN] [mixin/]: Reference map 'relics.refmap.json' for relics.mixins.json could not be read. If this is a development environment you can ignore this message
[03Jul2025 14:55:25.183] [main/WARN] [mixin/]: Reference map 'apotheosis.refmap.json' for apotheosis.mixins.json could not be read. If this is a development environment you can ignore this message
[03Jul2025 14:55:25.198] [main/INFO] [Sodium/]: Loaded configuration file for Sodium: 43 options available, 0 override(s) found
[03Jul2025 14:55:26.656] [main/INFO] [net.neoforged.coremod.CoreMod.apothic_enchanting/COREMODLOG]: Replaced 1 calls to Enchantment#getMaxLevel() in net/minecraft/world/item/enchantment/EnchantmentHelper
[03Jul2025 14:55:26.984] [main/ERROR] [net.neoforged.fml.common.asm.RuntimeDistCleaner/DISTXFORM]: Attempted to load class net/minecraft/client/gui/screens/Screen for invalid dist DEDICATED_SERVER
[03Jul2025 14:55:26.996] [main/WARN] [mixin/]: Error loading class: net/minecraft/client/gui/screens/Screen (java.lang.RuntimeException: Attempted to load class net/minecraft/client/gui/screens/Screen for invalid dist DEDICATED_SERVER)
[03Jul2025 14:55:26.999] [main/WARN] [mixin/]: @Mixin target net.minecraft.client.gui.screens.Screen was not found relics.mixins.json:ScreenMixin from mod relics
[03Jul2025 14:55:27.267] [main/INFO] [net.neoforged.coremod.CoreMod.apothic_enchanting/COREMODLOG]: Replaced 2 calls to Enchantment#getMaxLevel() in net/minecraft/world/inventory/AnvilMenu
[03Jul2025 14:55:27.422] [main/INFO] [net.neoforged.coremod.CoreMod.apothic_enchanting/COREMODLOG]: Replaced 1 calls to Enchantment#getMaxLevel() in net/minecraft/world/item/enchantment/Enchantment
[03Jul2025 14:55:27.457] [main/WARN] [mixin/]: Error loading class: org/violetmoon/quark/content/tweaks/module/GoldToolsHaveFortuneModule (java.lang.ClassNotFoundException: org.violetmoon.quark.content.tweaks.module.GoldToolsHaveFortuneModule)
[03Jul2025 14:55:27.467] [main/WARN] [mixin/]: Error loading class: com/hollingsworth/arsnouveau/common/items/SpellCrossbow (java.lang.ClassNotFoundException: com.hollingsworth.arsnouveau.common.items.SpellCrossbow)
[03Jul2025 14:55:27.504] [main/WARN] [mixin/]: Error loading class: org/violetmoon/quark/content/tweaks/module/GoldToolsHaveFortuneModule (java.lang.ClassNotFoundException: org.violetmoon.quark.content.tweaks.module.GoldToolsHaveFortuneModule)
[03Jul2025 14:55:27.664] [main/WARN] [mixin/]: Error loading class: com/mojang/blaze3d/platform/InputConstants$Key (java.lang.ClassNotFoundException: com.mojang.blaze3d.platform.InputConstants$Key)
[03Jul2025 14:55:28.436] [main/INFO] [MixinExtras|Service/]: Initializing MixinExtras via com.llamalad7.mixinextras.service.MixinExtrasServiceImpl(version=0.4.1).
[03Jul2025 14:55:29.184] [main/INFO] [net.neoforged.coremod.CoreMod.apothic_enchanting/COREMODLOG]: Replaced 2 calls to Enchantment#getMaxLevel() in net/minecraft/world/item/CreativeModeTabs
[03Jul2025 14:55:32.574] [main/INFO] [net.neoforged.coremod.CoreMod.apothic_enchanting/COREMODLOG]: Replaced 2 calls to Enchantment#getMaxLevel() in net/minecraft/world/inventory/AnvilMenu
[03Jul2025 14:55:34.807] [main/INFO] [net.neoforged.coremod.CoreMod.apothic_enchanting/COREMODLOG]: Replaced 1 calls to Enchantment#getMaxLevel() in net/minecraft/world/item/enchantment/Enchantment
[03Jul2025 14:55:37.334] [main/INFO] [net.neoforged.coremod.CoreMod.apothic_enchanting/COREMODLOG]: Patching FishingHook#catchingFish
[03Jul2025 14:55:39.178] [main/INFO] [net.neoforged.coremod.CoreMod.apothic_enchanting/COREMODLOG]: Replaced 1 calls to Enchantment#getMaxLevel() in net/minecraft/world/level/storage/loot/functions/EnchantRandomlyFunction
[03Jul2025 14:55:40.057] [main/INFO] [net.neoforged.coremod.CoreMod.apothic_enchanting/COREMODLOG]: Replaced 1 calls to Enchantment#getMaxLevel() in net/minecraft/world/item/enchantment/providers/SingleEnchantment
[03Jul2025 14:55:40.533] [modloading-worker-0/INFO] [net.neoforged.neoforge.common.NeoForgeMod/NEOFORGE-MOD]: NeoForge mod loading, version 21.1.186, for MC 1.21.1
[03Jul2025 14:55:42.127] [modloading-worker-0/INFO] [Towns and Towers/]: Loading T&T
[03Jul2025 14:55:42.130] [modloading-worker-0/INFO] [be.florens.expandability.ExpandAbility/]: ExpandAbility here, who dis?
[03Jul2025 14:55:47.774] [NeoForge Version Check/INFO] [net.neoforged.fml.VersionChecker/]: [projecte] Starting version check at https://raw.githubusercontent.com/sinkillerj/ProjectE/mc1.21.1/update.json
[03Jul2025 14:55:48.555] [NeoForge Version Check/INFO] [net.neoforged.fml.VersionChecker/]: [projecte] Found status: UP_TO_DATE Current: 1.1.0 Target: null
[03Jul2025 14:55:48.556] [NeoForge Version Check/INFO] [net.neoforged.fml.VersionChecker/]: [aoa3] Starting version check at https://gist.githubusercontent.com/Tslat/5e25ea30e48d85570b7c0739deecead7/raw/
[03Jul2025 14:55:48.655] [NeoForge Version Check/WARN] [net.neoforged.fml.VersionChecker/]: Failed to process update information
com.google.gson.JsonSyntaxException: com.google.gson.stream.MalformedJsonException: Expected ':' at line 3 column 13 path $.
	at MC-BOOTSTRAP/com.google.gson@2.10.1/com.google.gson.Gson.fromJson(Gson.java:1241) ~[gson-2.10.1.jar%2394!/:?]
	at MC-BOOTSTRAP/com.google.gson@2.10.1/com.google.gson.Gson.fromJson(Gson.java:1137) ~[gson-2.10.1.jar%2394!/:?]
	at MC-BOOTSTRAP/com.google.gson@2.10.1/com.google.gson.Gson.fromJson(Gson.java:1047) ~[gson-2.10.1.jar%2394!/:?]
	at MC-BOOTSTRAP/com.google.gson@2.10.1/com.google.gson.Gson.fromJson(Gson.java:982) ~[gson-2.10.1.jar%2394!/:?]
	at MC-BOOTSTRAP/fml_loader@4.0.41/net.neoforged.fml.VersionChecker$1.process(VersionChecker.java:167) ~[loader-4.0.41.jar%2359!/:4.0]
	at java.base/java.lang.Iterable.forEach(Iterable.java:75) [?:?]
	at MC-BOOTSTRAP/fml_loader@4.0.41/net.neoforged.fml.VersionChecker$1.run(VersionChecker.java:105) [loader-4.0.41.jar%2359!/:4.0]
Caused by: com.google.gson.stream.MalformedJsonException: Expected ':' at line 3 column 13 path $.
	at MC-BOOTSTRAP/com.google.gson@2.10.1/com.google.gson.stream.JsonReader.syntaxError(JsonReader.java:1659) ~[gson-2.10.1.jar%2394!/:?]
	at MC-BOOTSTRAP/com.google.gson@2.10.1/com.google.gson.stream.JsonReader.doPeek(JsonReader.java:539) ~[gson-2.10.1.jar%2394!/:?]
	at MC-BOOTSTRAP/com.google.gson@2.10.1/com.google.gson.stream.JsonReader.peek(JsonReader.java:433) ~[gson-2.10.1.jar%2394!/:?]
	at MC-BOOTSTRAP/com.google.gson@2.10.1/com.google.gson.internal.bind.ObjectTypeAdapter.read(ObjectTypeAdapter.java:112) ~[gson-2.10.1.jar%2394!/:?]
	at MC-BOOTSTRAP/com.google.gson@2.10.1/com.google.gson.internal.bind.TypeAdapterRuntimeTypeWrapper.read(TypeAdapterRuntimeTypeWrapper.java:40) ~[gson-2.10.1.jar%2394!/:?]
	at MC-BOOTSTRAP/com.google.gson@2.10.1/com.google.gson.internal.bind.MapTypeAdapterFactory$Adapter.read(MapTypeAdapterFactory.java:186) ~[gson-2.10.1.jar%2394!/:?]
	at MC-BOOTSTRAP/com.google.gson@2.10.1/com.google.gson.internal.bind.MapTypeAdapterFactory$Adapter.read(MapTypeAdapterFactory.java:144) ~[gson-2.10.1.jar%2394!/:?]
	at MC-BOOTSTRAP/com.google.gson@2.10.1/com.google.gson.Gson.fromJson(Gson.java:1227) ~[gson-2.10.1.jar%2394!/:?]
	... 6 more
[03Jul2025 14:55:49.914] [main/WARN] [net.minecraft.server.dedicated.DedicatedServerProperties/]: resource-pack-id missing, using default of f68f12aa-f7ac-36b8-8704-6a304d910241
[03Jul2025 14:55:49.939] [main/INFO] [com.mojang.authlib.yggdrasil.YggdrasilAuthenticationService/]: Environment: Environment[sessionHost=https://sessionserver.mojang.com, servicesHost=https://api.minecraftservices.com, name=PROD]
[03Jul2025 14:55:50.157] [main/WARN] [net.minecraft.server.packs.VanillaPackResourcesBuilder/]: Assets URL 'union:/workspaces/test/libraries/net/minecraft/server/1.21.1-20240808.144430/server-1.21.1-20240808.144430-srg.jar%23154!/assets/.mcassetsroot' uses unexpected schema
[03Jul2025 14:55:50.157] [main/WARN] [net.minecraft.server.packs.VanillaPackResourcesBuilder/]: Assets URL 'union:/workspaces/test/libraries/net/minecraft/server/1.21.1-20240808.144430/server-1.21.1-20240808.144430-srg.jar%23154!/data/.mcassetsroot' uses unexpected schema
[03Jul2025 14:55:50.307] [main/ERROR] [net.minecraft.server.packs.AbstractPackResources/]: Couldn't load neoforge:overlays metadata
com.google.gson.JsonParseException: Unknown registry key in ResourceKey[minecraft:root / neoforge:condition_codecs]: tectonic:config; Unknown registry key in ResourceKey[minecraft:root / neoforge:condition_codecs]: tectonic:config; Unknown registry key in ResourceKey[minecraft:root / neoforge:condition_codecs]: tectonic:config
	at MC-BOOTSTRAP/datafixerupper@8.0.16/com.mojang.serialization.DataResult$Error.getOrThrow(DataResult.java:287) ~[datafixerupper-8.0.16.jar%23100!/:?]
	at TRANSFORMER/minecraft@1.21.1/net.minecraft.server.packs.metadata.MetadataSectionType$1.fromJson(MetadataSectionType.java:20) ~[server-1.21.1-20240808.144430-srg.jar%23154!/:?]
	at TRANSFORMER/minecraft@1.21.1/net.minecraft.server.packs.AbstractPackResources.getMetadataFromStream(AbstractPackResources.java:54) ~[server-1.21.1-20240808.144430-srg.jar%23154!/:?]
	at TRANSFORMER/minecraft@1.21.1/net.minecraft.server.packs.AbstractPackResources.getMetadataSection(AbstractPackResources.java:33) ~[server-1.21.1-20240808.144430-srg.jar%23154!/:?]
	at TRANSFORMER/minecraft@1.21.1/net.minecraft.server.packs.repository.Pack.readPackMetadata(Pack.java:97) ~[server-1.21.1-20240808.144430-srg.jar%23154!/:?]
	at TRANSFORMER/minecraft@1.21.1/net.minecraft.server.packs.repository.Pack.readMetaAndCreate(Pack.java:40) ~[server-1.21.1-20240808.144430-srg.jar%23154!/:?]
	at TRANSFORMER/minecraft@1.21.1/net.minecraft.server.packs.repository.FolderRepositorySource.lambda$loadPacks$0(FolderRepositorySource.java:63) ~[server-1.21.1-20240808.144430-srg.jar%23154!/:?]
	at TRANSFORMER/minecraft@1.21.1/net.minecraft.server.packs.repository.FolderRepositorySource.discoverPacks(FolderRepositorySource.java:94) ~[server-1.21.1-20240808.144430-srg.jar%23154!/:?]
	at TRANSFORMER/minecraft@1.21.1/net.minecraft.server.packs.repository.FolderRepositorySource.loadPacks(FolderRepositorySource.java:59) ~[server-1.21.1-20240808.144430-srg.jar%23154!/:?]
	at TRANSFORMER/minecraft@1.21.1/net.minecraft.server.packs.repository.PackRepository.discoverAvailable(PackRepository.java:47) ~[server-1.21.1-20240808.144430-srg.jar%23154!/:?]
	at TRANSFORMER/minecraft@1.21.1/net.minecraft.server.packs.repository.PackRepository.reload(PackRepository.java:37) ~[server-1.21.1-20240808.144430-srg.jar%23154!/:?]
	at TRANSFORMER/minecraft@1.21.1/net.minecraft.server.MinecraftServer.configurePackRepository(MinecraftServer.java:1533) ~[server-1.21.1-20240808.144430-srg.jar%23154!/:?]
	at TRANSFORMER/minecraft@1.21.1/net.minecraft.server.WorldLoader$PackConfig.createResourceManager(WorldLoader.java:99) ~[server-1.21.1-20240808.144430-srg.jar%23154!/:?]
	at TRANSFORMER/minecraft@1.21.1/net.minecraft.server.WorldLoader.load(WorldLoader.java:32) ~[server-1.21.1-20240808.144430-srg.jar%23154!/:?]
	at TRANSFORMER/minecraft@1.21.1/net.minecraft.server.Main.lambda$main$3(Main.java:205) ~[server-1.21.1-20240808.144430-srg.jar%23154!/:?]
	at TRANSFORMER/minecraft@1.21.1/net.minecraft.Util.blockUntilDone(Util.java:866) ~[server-1.21.1-20240808.144430-srg.jar%23154!/:?]
	at TRANSFORMER/minecraft@1.21.1/net.minecraft.Util.blockUntilDone(Util.java:861) ~[server-1.21.1-20240808.144430-srg.jar%23154!/:?]
	at TRANSFORMER/minecraft@1.21.1/net.minecraft.server.Main.main(Main.java:204) ~[server-1.21.1-20240808.144430-srg.jar%23154!/:?]
	at java.base/jdk.internal.reflect.DirectMethodHandleAccessor.invoke(DirectMethodHandleAccessor.java:103) ~[?:?]
	at java.base/java.lang.reflect.Method.invoke(Method.java:580) ~[?:?]
	at MC-BOOTSTRAP/fml_loader@4.0.41/net.neoforged.fml.loading.targets.CommonLaunchHandler.runTarget(CommonLaunchHandler.java:136) ~[loader-4.0.41.jar%2359!/:4.0]
	at MC-BOOTSTRAP/fml_loader@4.0.41/net.neoforged.fml.loading.targets.CommonLaunchHandler.serverService(CommonLaunchHandler.java:128) ~[loader-4.0.41.jar%2359!/:4.0]
	at MC-BOOTSTRAP/fml_loader@4.0.41/net.neoforged.fml.loading.targets.CommonServerLaunchHandler.runService(CommonServerLaunchHandler.java:32) ~[loader-4.0.41.jar%2359!/:4.0]
	at MC-BOOTSTRAP/fml_loader@4.0.41/net.neoforged.fml.loading.targets.CommonLaunchHandler.lambda$launchService$4(CommonLaunchHandler.java:118) ~[loader-4.0.41.jar%2359!/:4.0]
	at MC-BOOTSTRAP/cpw.mods.modlauncher@11.0.5/cpw.mods.modlauncher.LaunchServiceHandlerDecorator.launch(LaunchServiceHandlerDecorator.java:30) [modlauncher-11.0.5.jar%2364!/:?]
	at MC-BOOTSTRAP/cpw.mods.modlauncher@11.0.5/cpw.mods.modlauncher.LaunchServiceHandler.launch(LaunchServiceHandler.java:53) [modlauncher-11.0.5.jar%2364!/:?]
	at MC-BOOTSTRAP/cpw.mods.modlauncher@11.0.5/cpw.mods.modlauncher.LaunchServiceHandler.launch(LaunchServiceHandler.java:71) [modlauncher-11.0.5.jar%2364!/:?]
	at MC-BOOTSTRAP/cpw.mods.modlauncher@11.0.5/cpw.mods.modlauncher.Launcher.run(Launcher.java:103) [modlauncher-11.0.5.jar%2364!/:?]
	at MC-BOOTSTRAP/cpw.mods.modlauncher@11.0.5/cpw.mods.modlauncher.Launcher.main(Launcher.java:74) [modlauncher-11.0.5.jar%2364!/:?]
	at MC-BOOTSTRAP/cpw.mods.modlauncher@11.0.5/cpw.mods.modlauncher.BootstrapLaunchConsumer.accept(BootstrapLaunchConsumer.java:26) [modlauncher-11.0.5.jar%2364!/:?]
	at MC-BOOTSTRAP/cpw.mods.modlauncher@11.0.5/cpw.mods.modlauncher.BootstrapLaunchConsumer.accept(BootstrapLaunchConsumer.java:23) [modlauncher-11.0.5.jar%2364!/:?]
	at cpw.mods.bootstraplauncher@2.0.2/cpw.mods.bootstraplauncher.BootstrapLauncher.run(BootstrapLauncher.java:210) [bootstraplauncher-2.0.2.jar:?]
	at cpw.mods.bootstraplauncher@2.0.2/cpw.mods.bootstraplauncher.BootstrapLauncher.main(BootstrapLauncher.java:69) [bootstraplauncher-2.0.2.jar:?]
[03Jul2025 14:55:50.423] [main/WARN] [net.minecraft.server.packs.FilePackResources/]: Non [a-z0-9_.-] character in namespace .DS_Store in pack ./world/datapacks/rotten-flesh-to-leather_1.21.zip, ignoring
[03Jul2025 14:55:50.486] [main/WARN] [net.minecraft.server.packs.FilePackResources/]: Non [a-z0-9_.-] character in namespace .DS_Store in pack ./world/datapacks/rotten-flesh-to-leather_1.21.zip, ignoring
[03Jul2025 14:55:54.536] [Worker-Main-1/INFO] [net.neoforged.coremod.CoreMod.apothic_enchanting/COREMODLOG]: Replaced 2 calls to Enchantment#getMaxLevel() in net/minecraft/server/commands/EnchantCommand
[03Jul2025 14:56:04.000] [main/INFO] [net.minecraft.world.item.crafting.RecipeManager/]: Loaded 3223 recipes
[03Jul2025 14:56:04.931] [main/ERROR] [net.minecraft.advancements.AdvancementTree/]: Couldn't load advancements: [minecraft:wander_add_map, dungeons_arise:find_thornborn_towers, dungeons_arise:find_fishing_hut, minecraft:give_quest_trader_trade]
[03Jul2025 14:56:04.932] [main/INFO] [net.minecraft.advancements.AdvancementTree/]: Loaded 3025 advancements
[03Jul2025 14:56:04.963] [main/WARN] [net.minecraft.server.packs.FilePackResources/]: Non [a-z0-9_.-] character in namespace .DS_Store in pack ./world/datapacks/rotten-flesh-to-leather_1.21.zip, ignoring
[03Jul2025 14:56:04.968] [main/INFO] [Curios API/]: Loaded 12 curio slots
[03Jul2025 14:56:04.993] [main/WARN] [net.minecraft.server.packs.FilePackResources/]: Non [a-z0-9_.-] character in namespace .DS_Store in pack ./world/datapacks/rotten-flesh-to-leather_1.21.zip, ignoring
[03Jul2025 14:56:04.996] [main/INFO] [Curios API/]: Loaded 11 curio entities
[03Jul2025 14:56:05.095] [main/INFO] [placebo/]: Registered 25 gear_sets.
[03Jul2025 14:56:05.105] [main/INFO] [placebo/]: Registered 26 wanderer_trades.
[03Jul2025 14:56:05.113] [main/INFO] [placebo/]: Registered 37 brewing_mixes.
[03Jul2025 14:56:05.141] [main/INFO] [Apotheosis : Enchantment/]: Registered 25 enchanting_stats.
[03Jul2025 14:56:05.145] [main/INFO] [apotheosis/]: Registered 5 rarities.
[03Jul2025 14:56:05.231] [main/INFO] [apotheosis/]: Registered 93 affixes.
[03Jul2025 14:56:05.235] [main/INFO] [apotheosis/]: Registered 0 extra_gem_bonuses.
[03Jul2025 14:56:05.256] [main/INFO] [apotheosis/]: Registered 21 gems.
[03Jul2025 14:56:05.269] [main/INFO] [apotheosis/]: Registered 49 affix_loot_entries.
[03Jul2025 14:56:05.299] [main/INFO] [apotheosis/]: Registered 23 apothic_invaders.
[03Jul2025 14:56:05.306] [main/INFO] [apotheosis/]: Registered 9 rogue_spawners.
[03Jul2025 14:56:05.309] [main/INFO] [apotheosis/]: Registered 4 apothic_elites.
[03Jul2025 14:56:05.309] [main/INFO] [apotheosis/]: Registered 1 purity_weights.
[03Jul2025 14:56:05.310] [main/INFO] [apotheosis/]: Registered 1 apothic_augments.
[03Jul2025 14:56:05.312] [main/INFO] [apotheosis/]: Registered 19 tier_augments.
[03Jul2025 14:56:07.209] [main/INFO] [net.neoforged.coremod.CoreMod.apothic_enchanting/COREMODLOG]: Replaced 1 calls to Enchantment#getMaxLevel() in net/minecraft/world/entity/npc/VillagerTrades$EnchantBookForEmeralds
[03Jul2025 14:56:07.657] [Server thread/INFO] [net.minecraft.server.dedicated.DedicatedServer/]: Starting minecraft server version 1.21.1
[03Jul2025 14:56:07.658] [Server thread/INFO] [net.minecraft.server.dedicated.DedicatedServer/]: Loading properties
[03Jul2025 14:56:07.658] [Server thread/INFO] [net.minecraft.server.dedicated.DedicatedServer/]: Default game type: SURVIVAL
[03Jul2025 14:56:07.659] [Server thread/INFO] [net.minecraft.server.MinecraftServer/]: Generating keypair
[03Jul2025 14:56:08.171] [Server thread/INFO] [net.minecraft.server.dedicated.DedicatedServer/]: Starting Minecraft server on *:25565
[03Jul2025 14:56:08.267] [Server thread/INFO] [net.minecraft.server.network.ServerConnectionListener/]: Using epoll channel type
[03Jul2025 14:56:08.344] [Server thread/WARN] [net.minecraft.server.dedicated.DedicatedServer/]: **** SERVER IS RUNNING IN OFFLINE/INSECURE MODE!
[03Jul2025 14:56:08.345] [Server thread/WARN] [net.minecraft.server.dedicated.DedicatedServer/]: The server will make no attempt to authenticate usernames. Beware.
[03Jul2025 14:56:08.345] [Server thread/WARN] [net.minecraft.server.dedicated.DedicatedServer/]: While this makes the game possible to play without internet access, it also opens up the ability for hackers to connect with any username they choose.
[03Jul2025 14:56:08.347] [Server thread/WARN] [net.minecraft.server.dedicated.DedicatedServer/]: To change this, set "online-mode" to "true" in the server.properties file.
[03Jul2025 14:56:08.529] [Server thread/INFO] [net.minecraft.server.dedicated.DedicatedServer/]: Preparing level "world"
[03Jul2025 14:56:39.265] [Server thread/INFO] [net.minecraft.server.MinecraftServer/]: Preparing start region for dimension minecraft:overworld
[03Jul2025 14:56:39.854] [Worker-Main-1/INFO] [net.minecraft.server.level.progress.LoggerChunkProgressListener/]: Preparing spawn area: 0%
[03Jul2025 14:56:39.857] [Worker-Main-1/INFO] [net.minecraft.server.level.progress.LoggerChunkProgressListener/]: Preparing spawn area: 0%
[03Jul2025 14:56:40.290] [Server thread/INFO] [net.minecraft.server.level.progress.LoggerChunkProgressListener/]: Time elapsed: 1024 ms
[03Jul2025 14:56:40.292] [Server thread/INFO] [net.minecraft.server.dedicated.DedicatedServer/]: Done (31.921s)! For help, type "help"
[03Jul2025 14:56:40.376] [Server thread/INFO] [net.neoforged.neoforge.server.permission.PermissionAPI/]: Successfully initialized permission handler neoforge:default_handler
[03Jul2025 14:56:40.401] [Server thread/INFO] [patchouli/]: Sending reload packet to clients
[03Jul2025 14:56:42.993] [Server thread/WARN] [net.minecraft.server.MinecraftServer/]: Can't keep up! Is the server overloaded? Running 2523ms or 50 ticks behind
[03Jul2025 14:56:43.147] [Server thread/INFO] [net.neoforged.coremod.CoreMod.apothic_enchanting/COREMODLOG]: Replaced 1 calls to Enchantment#getMaxLevel() in net/minecraft/world/item/enchantment/EnchantmentHelper
[03Jul2025 14:57:30.576] [Server thread/INFO] [net.minecraft.server.players.PlayerList/]: Anhahahaha[/127.115.22.181:39963] logged in with entity id 85 at (-353.16505371551347, 68.0, 97.49233329135035)
[03Jul2025 14:57:31.330] [Server thread/WARN] [moze_intel.projecte.PECore/]: EMC Exploit: "0 + 9*minecraft:item: minecraft:gold_nugget => 1*minecraft:item: minecraft:gold_ingot" ingredient cost: 2043 value of result: 2048 setValueFromConversion: 0 + 8*minecraft:item Tag: c:ingots/iron => 1*minecraft:item: minecraft:gold_ingot
[03Jul2025 14:57:31.344] [Server thread/WARN] [moze_intel.projecte.PECore/]: EMC Exploit: ingredients (0 + 1*NSSFake: craftingMapper/51 + 1*minecraft:item: minecraft:diorite => 2*minecraft:item: minecraft:andesite) cost 17 but output value is 16
[03Jul2025 14:57:31.391] [Server thread/WARN] [moze_intel.projecte.PECore/]: EMC Exploit: ingredients (0 + 9*minecraft:item: minecraft:iron_nugget => 1*minecraft:item: minecraft:iron_ingot) cost 252 but output value is 256
[03Jul2025 14:57:31.437] [Server thread/INFO] [moze_intel.projecte.PECore/]: Registered 1938 EMC values. (took 790 ms)
[03Jul2025 14:57:31.571] [Server thread/INFO] [net.minecraft.server.MinecraftServer/]: Anhahahaha joined the game
[03Jul2025 14:57:31.853] [Server thread/INFO] [artifacts.Artifacts/]: Sending item configs to client
[03Jul2025 14:57:32.739] [Server thread/WARN] [net.minecraft.server.MinecraftServer/]: Can't keep up! Is the server overloaded? Running 2370ms or 47 ticks behind
[03Jul2025 14:57:50.182] [Server thread/WARN] [net.minecraft.server.MinecraftServer/]: Can't keep up! Is the server overloaded? Running 2462ms or 49 ticks behind
[03Jul2025 14:57:58.652] [Server thread/INFO] [net.minecraft.server.MinecraftServer/]: [Anhahahaha: Gave 1 [Block of Diamond] to Anhahahaha]
[03Jul2025 14:58:06.572] [Server thread/INFO] [net.minecraft.server.MinecraftServer/]: [Anhahahaha: Gave 1 [Diamond Ore] to Anhahahaha]
[03Jul2025 14:58:08.575] [Server thread/WARN] [net.minecraft.server.MinecraftServer/]: Can't keep up! Is the server overloaded? Running 3406ms or 68 ticks behind
[03Jul2025 14:59:08.854] [Server thread/INFO] [net.minecraft.server.network.ServerGamePacketListenerImpl/]: Anhahahaha lost connection: Disconnected
[03Jul2025 14:59:08.855] [Server thread/INFO] [net.minecraft.server.MinecraftServer/]: Anhahahaha left the game
